<?xml version="1.0" encoding="UTF-8"?>
<testsuite name="friendy.community.FriendyBeApplicationTests" tests="1" skipped="0" failures="0" errors="0" timestamp="2024-12-08T04:30:09" hostname="bog-wonbin-ui-MacBookPro.local" time="0.326">
  <properties/>
  <testcase name="contextLoads()" classname="friendy.community.FriendyBeApplicationTests" time="0.326"/>
  <system-out><![CDATA[13:30:07.617 [Test worker] INFO org.springframework.test.context.support.AnnotationConfigContextLoaderUtils -- Could not detect default configuration classes for test class [friendy.community.FriendyBeApplicationTests]: FriendyBeApplicationTests does not declare any static, non-private, non-final, nested classes annotated with @Configuration.
13:30:07.682 [Test worker] INFO org.springframework.boot.test.context.SpringBootTestContextBootstrapper -- Found @SpringBootConfiguration friendy.community.FriendyBeApplication for test class friendy.community.FriendyBeApplicationTests
 ______   ______     __     ______     __   __     _____     __  __
/\  ___\ /\  == \   /\ \   /\  ___\   /\ "-.\ \   /\  __-.  /\ \_\ \
\ \  __\ \ \  __<   \ \ \  \ \  __\   \ \ \-.  \  \ \ \/\ \ \ \____ \
 \ \_\    \ \_\ \_\  \ \_\  \ \_____\  \ \_\\"\_\  \ \____-  \/\_____\
  \/_/     \/_/ /_/   \/_/   \/_____/   \/_/ \/_/   \/____/   \/_____/
2024-12-08T13:30:07.936+09:00  INFO 30055 --- [FriendyBeApplication] [    Test worker] f.community.FriendyBeApplicationTests    : Starting FriendyBeApplicationTests using Java 21.0.4 with PID 30055 (started by bok-wonbin in /Users/bok-wonbin/Documents/GitHub/friendy_be)
2024-12-08T13:30:07.938+09:00  INFO 30055 --- [FriendyBeApplication] [    Test worker] f.community.FriendyBeApplicationTests    : No active profile set, falling back to 1 default profile: "default"
2024-12-08T13:30:08.408+09:00  INFO 30055 --- [FriendyBeApplication] [    Test worker] .s.d.r.c.RepositoryConfigurationDelegate : Bootstrapping Spring Data JPA repositories in DEFAULT mode.
2024-12-08T13:30:08.421+09:00  INFO 30055 --- [FriendyBeApplication] [    Test worker] .s.d.r.c.RepositoryConfigurationDelegate : Finished Spring Data repository scanning in 8 ms. Found 0 JPA repository interfaces.
2024-12-08T13:30:08.694+09:00  INFO 30055 --- [FriendyBeApplication] [    Test worker] o.hibernate.jpa.internal.util.LogHelper  : HHH000204: Processing PersistenceUnitInfo [name: default]
2024-12-08T13:30:08.729+09:00  INFO 30055 --- [FriendyBeApplication] [    Test worker] org.hibernate.Version                    : HHH000412: Hibernate ORM core version 6.6.2.Final
2024-12-08T13:30:08.752+09:00  INFO 30055 --- [FriendyBeApplication] [    Test worker] o.h.c.internal.RegionFactoryInitiator    : HHH000026: Second-level cache disabled
2024-12-08T13:30:08.906+09:00  INFO 30055 --- [FriendyBeApplication] [    Test worker] o.s.o.j.p.SpringPersistenceUnitInfo      : No LoadTimeWeaver setup: ignoring JPA class transformer
2024-12-08T13:30:08.923+09:00  INFO 30055 --- [FriendyBeApplication] [    Test worker] com.zaxxer.hikari.HikariDataSource       : HikariPool-1 - Starting...
2024-12-08T13:30:09.084+09:00  INFO 30055 --- [FriendyBeApplication] [    Test worker] com.zaxxer.hikari.pool.HikariPool        : HikariPool-1 - Added connection conn0: url=jdbc:h2:mem:test user=FRIENDY
2024-12-08T13:30:09.085+09:00  INFO 30055 --- [FriendyBeApplication] [    Test worker] com.zaxxer.hikari.HikariDataSource       : HikariPool-1 - Start completed.
2024-12-08T13:30:09.107+09:00  WARN 30055 --- [FriendyBeApplication] [    Test worker] org.hibernate.dialect.Dialect            : HHH000511: The 2.3.232 version for [org.hibernate.dialect.MySQLDialect] is no longer supported, hence certain features may not work properly. The minimum supported version is 8.0.0. Check the community dialects project for available legacy versions.
2024-12-08T13:30:09.109+09:00  WARN 30055 --- [FriendyBeApplication] [    Test worker] org.hibernate.orm.deprecation            : HHH90000025: MySQLDialect does not need to be specified explicitly using 'hibernate.dialect' (remove the property setting and it will be selected by default)
2024-12-08T13:30:09.118+09:00  INFO 30055 --- [FriendyBeApplication] [    Test worker] org.hibernate.orm.connections.pooling    : HHH10001005: Database info:
	Database JDBC URL [Connecting through datasource 'HikariDataSource (HikariPool-1)']
	Database driver: undefined/unknown
	Database version: 2.3.232
	Autocommit mode: undefined/unknown
	Isolation level: undefined/unknown
	Minimum pool size: undefined/unknown
	Maximum pool size: undefined/unknown
2024-12-08T13:30:09.313+09:00  INFO 30055 --- [FriendyBeApplication] [    Test worker] o.h.e.t.j.p.i.JtaPlatformInitiator       : HHH000489: No JTA platform available (set 'hibernate.transaction.jta.platform' to enable JTA platform integration)
2024-12-08T13:30:09.318+09:00  INFO 30055 --- [FriendyBeApplication] [    Test worker] j.LocalContainerEntityManagerFactoryBean : Initialized JPA EntityManagerFactory for persistence unit 'default'
2024-12-08T13:30:09.482+09:00  WARN 30055 --- [FriendyBeApplication] [    Test worker] JpaBaseConfiguration$JpaWebConfiguration : spring.jpa.open-in-view is enabled by default. Therefore, database queries may be performed during view rendering. Explicitly configure spring.jpa.open-in-view to disable this warning
2024-12-08T13:30:09.705+09:00  INFO 30055 --- [FriendyBeApplication] [    Test worker] o.s.b.a.h2.H2ConsoleAutoConfiguration    : H2 console available at '/h2-console'. Database available at 'jdbc:h2:mem:test'
2024-12-08T13:30:09.735+09:00  INFO 30055 --- [FriendyBeApplication] [    Test worker] f.community.FriendyBeApplicationTests    : Started FriendyBeApplicationTests in 1.972 seconds (process running for 2.658)
]]></system-out>
  <system-err><![CDATA[Mockito is currently self-attaching to enable the inline-mock-maker. This will no longer work in future releases of the JDK. Please add Mockito as an agent to your build what is described in Mockito's documentation: https://javadoc.io/doc/org.mockito/mockito-core/latest/org/mockito/Mockito.html#0.3
WARNING: A Java agent has been loaded dynamically (/Users/bok-wonbin/.gradle/caches/modules-2/files-2.1/net.bytebuddy/byte-buddy-agent/1.15.10/e8eb255b2c378b9a6c7341e7b0e12f0a5636377/byte-buddy-agent-1.15.10.jar)
WARNING: If a serviceability tool is in use, please run with -XX:+EnableDynamicAgentLoading to hide this warning
WARNING: If a serviceability tool is not in use, please run with -Djdk.instrument.traceUsage for more information
WARNING: Dynamic loading of agents will be disallowed by default in a future release
]]></system-err>
</testsuite>
