<?xml version="1.0" encoding="UTF-8"?>
<testsuite name="friendy.community.FriendyBeApplicationTests" tests="1" skipped="0" failures="0" errors="0" timestamp="2024-12-07T14:07:37" hostname="bog-wonbin-ui-MacBookPro.local" time="0.262">
  <properties/>
  <testcase name="contextLoads()" classname="friendy.community.FriendyBeApplicationTests" time="0.262"/>
  <system-out><![CDATA[23:07:35.959 [Test worker] INFO org.springframework.test.context.support.AnnotationConfigContextLoaderUtils -- Could not detect default configuration classes for test class [friendy.community.FriendyBeApplicationTests]: FriendyBeApplicationTests does not declare any static, non-private, non-final, nested classes annotated with @Configuration.
23:07:35.989 [Test worker] INFO org.springframework.boot.test.context.SpringBootTestContextBootstrapper -- Found @SpringBootConfiguration friendy.community.FriendyBeApplication for test class friendy.community.FriendyBeApplicationTests

  .   ____          _            __ _ _
 /\\ / ___'_ __ _ _(_)_ __  __ _ \ \ \ \
( ( )\___ | '_ | '_| | '_ \/ _` | \ \ \ \
 \\/  ___)| |_)| | | | | || (_| |  ) ) ) )
  '  |____| .__|_| |_|_| |_\__, | / / / /
 =========|_|==============|___/=/_/_/_/

 :: Spring Boot ::                (v3.4.0)

2024-12-07T23:07:36.115+09:00  INFO 16589 --- [FriendyBeApplication] [    Test worker] f.community.FriendyBeApplicationTests    : Starting FriendyBeApplicationTests using Java 21.0.4 with PID 16589 (started by bok-wonbin in /Users/bok-wonbin/Documents/GitHub/friendy_be)
2024-12-07T23:07:36.116+09:00  INFO 16589 --- [FriendyBeApplication] [    Test worker] f.community.FriendyBeApplicationTests    : No active profile set, falling back to 1 default profile: "default"
2024-12-07T23:07:36.334+09:00  INFO 16589 --- [FriendyBeApplication] [    Test worker] .s.d.r.c.RepositoryConfigurationDelegate : Bootstrapping Spring Data JPA repositories in DEFAULT mode.
2024-12-07T23:07:36.340+09:00  INFO 16589 --- [FriendyBeApplication] [    Test worker] .s.d.r.c.RepositoryConfigurationDelegate : Finished Spring Data repository scanning in 3 ms. Found 0 JPA repository interfaces.
2024-12-07T23:07:36.459+09:00  INFO 16589 --- [FriendyBeApplication] [    Test worker] com.zaxxer.hikari.HikariDataSource       : HikariPool-1 - Starting...
2024-12-07T23:07:36.523+09:00  INFO 16589 --- [FriendyBeApplication] [    Test worker] com.zaxxer.hikari.pool.HikariPool        : HikariPool-1 - Added connection conn0: url=jdbc:h2:mem:4ab291fb-5011-4370-919a-a497bb3baa25 user=SA
2024-12-07T23:07:36.524+09:00  INFO 16589 --- [FriendyBeApplication] [    Test worker] com.zaxxer.hikari.HikariDataSource       : HikariPool-1 - Start completed.
2024-12-07T23:07:36.542+09:00  INFO 16589 --- [FriendyBeApplication] [    Test worker] o.hibernate.jpa.internal.util.LogHelper  : HHH000204: Processing PersistenceUnitInfo [name: default]
2024-12-07T23:07:36.557+09:00  INFO 16589 --- [FriendyBeApplication] [    Test worker] org.hibernate.Version                    : HHH000412: Hibernate ORM core version 6.6.2.Final
2024-12-07T23:07:36.566+09:00  INFO 16589 --- [FriendyBeApplication] [    Test worker] o.h.c.internal.RegionFactoryInitiator    : HHH000026: Second-level cache disabled
2024-12-07T23:07:36.643+09:00  INFO 16589 --- [FriendyBeApplication] [    Test worker] o.s.o.j.p.SpringPersistenceUnitInfo      : No LoadTimeWeaver setup: ignoring JPA class transformer
2024-12-07T23:07:36.667+09:00  INFO 16589 --- [FriendyBeApplication] [    Test worker] org.hibernate.orm.connections.pooling    : HHH10001005: Database info:
	Database JDBC URL [Connecting through datasource 'HikariDataSource (HikariPool-1)']
	Database driver: undefined/unknown
	Database version: 2.3.232
	Autocommit mode: undefined/unknown
	Isolation level: undefined/unknown
	Minimum pool size: undefined/unknown
	Maximum pool size: undefined/unknown
2024-12-07T23:07:36.772+09:00  INFO 16589 --- [FriendyBeApplication] [    Test worker] o.h.e.t.j.p.i.JtaPlatformInitiator       : HHH000489: No JTA platform available (set 'hibernate.transaction.jta.platform' to enable JTA platform integration)
2024-12-07T23:07:36.774+09:00  INFO 16589 --- [FriendyBeApplication] [    Test worker] j.LocalContainerEntityManagerFactoryBean : Initialized JPA EntityManagerFactory for persistence unit 'default'
2024-12-07T23:07:36.860+09:00  WARN 16589 --- [FriendyBeApplication] [    Test worker] JpaBaseConfiguration$JpaWebConfiguration : spring.jpa.open-in-view is enabled by default. Therefore, database queries may be performed during view rendering. Explicitly configure spring.jpa.open-in-view to disable this warning
2024-12-07T23:07:37.025+09:00  INFO 16589 --- [FriendyBeApplication] [    Test worker] f.community.FriendyBeApplicationTests    : Started FriendyBeApplicationTests in 0.995 seconds (process running for 1.364)
]]></system-out>
  <system-err><![CDATA[Mockito is currently self-attaching to enable the inline-mock-maker. This will no longer work in future releases of the JDK. Please add Mockito as an agent to your build what is described in Mockito's documentation: https://javadoc.io/doc/org.mockito/mockito-core/latest/org/mockito/Mockito.html#0.3
WARNING: A Java agent has been loaded dynamically (/Users/bok-wonbin/.gradle/caches/modules-2/files-2.1/net.bytebuddy/byte-buddy-agent/1.15.10/e8eb255b2c378b9a6c7341e7b0e12f0a5636377/byte-buddy-agent-1.15.10.jar)
WARNING: If a serviceability tool is in use, please run with -XX:+EnableDynamicAgentLoading to hide this warning
WARNING: If a serviceability tool is not in use, please run with -Djdk.instrument.traceUsage for more information
WARNING: Dynamic loading of agents will be disallowed by default in a future release
]]></system-err>
</testsuite>
